2025-09-03 20:55:47 | INFO | Logging to file: logs/project_log.log
2025-09-03 20:55:47 | INFO | Log sanitization enabled, personal info will be removed
2025-09-03 20:55:47 | INFO | START producer.
2025-09-03 20:55:47 | INFO | Loading environment variables from .env file...
2025-09-03 20:55:47 | INFO | Kafka broker address: localhost:9092
2025-09-03 20:55:49 | ERROR | Error checking Kafka: NoBrokersAvailable
2025-09-03 20:55:49 | ERROR | Kafka broker is not ready. Please check your Kafka setup. Exiting...
2025-09-03 21:34:00 | INFO | Logging to file: logs/project_log.log
2025-09-03 21:34:00 | INFO | Log sanitization enabled, personal info will be removed
2025-09-03 21:34:00 | INFO | START producer.
2025-09-03 21:34:00 | INFO | Loading environment variables from .env file...
2025-09-03 21:34:00 | INFO | Kafka broker address: localhost:9092
2025-09-03 21:34:00 | INFO | Kafka is ready. Brokers: {'throttle_time_ms': 0, 'brokers': [{'node_id': 1, 'host': 'localhost', 'port': 9092, 'rack': None}], 'cluster_id': '4Gtjc03RTpKePlW_6GpVEw', 'controller_id': 1}
2025-09-03 21:34:00 | INFO | Kafka topic: buzzline
2025-09-03 21:34:00 | INFO | Message interval: 1 seconds
2025-09-03 21:34:00 | INFO | Kafka broker address: localhost:9092
2025-09-03 21:34:00 | INFO | Connecting to Kafka broker at localhost:9092...
2025-09-03 21:34:00 | INFO | Kafka producer successfully created.
2025-09-03 21:34:00 | INFO | Kafka broker address: localhost:9092
2025-09-03 21:34:01 | INFO | Creating 'buzzline'.
2025-09-03 21:34:01 | INFO | Topic 'buzzline' created successfully.
2025-09-03 21:34:01 | INFO | Kafka topic 'buzzline' is ready.
2025-09-03 21:34:01 | INFO | Starting message production to topic 'buzzline'...
2025-09-03 21:34:01 | INFO | Generated buzz: I love Python!
2025-09-03 21:34:01 | INFO | Sent message to topic 'buzzline': I love Python!
2025-09-03 21:34:02 | INFO | Generated buzz: Kafka is awesome.
2025-09-03 21:34:02 | INFO | Sent message to topic 'buzzline': Kafka is awesome.
2025-09-03 21:34:03 | INFO | Generated buzz: Streaming data is fun.
2025-09-03 21:34:03 | INFO | Sent message to topic 'buzzline': Streaming data is fun.
2025-09-03 21:34:04 | INFO | Generated buzz: This is a buzz message.
2025-09-03 21:34:04 | INFO | Sent message to topic 'buzzline': This is a buzz message.
2025-09-03 21:34:05 | INFO | Generated buzz: Have a great day!
2025-09-03 21:34:05 | INFO | Sent message to topic 'buzzline': Have a great day!
2025-09-03 21:34:06 | INFO | Generated buzz: I love Python!
2025-09-03 21:34:06 | INFO | Sent message to topic 'buzzline': I love Python!
2025-09-03 21:34:07 | INFO | Generated buzz: Kafka is awesome.
2025-09-03 21:34:07 | INFO | Sent message to topic 'buzzline': Kafka is awesome.
2025-09-03 21:34:08 | INFO | Generated buzz: Streaming data is fun.
2025-09-03 21:34:08 | INFO | Sent message to topic 'buzzline': Streaming data is fun.
2025-09-03 21:34:09 | INFO | Generated buzz: This is a buzz message.
2025-09-03 21:34:09 | INFO | Sent message to topic 'buzzline': This is a buzz message.
2025-09-03 21:34:10 | INFO | Generated buzz: Have a great day!
2025-09-03 21:34:10 | INFO | Sent message to topic 'buzzline': Have a great day!
2025-09-03 21:34:11 | INFO | Generated buzz: I love Python!
2025-09-03 21:34:11 | INFO | Sent message to topic 'buzzline': I love Python!
2025-09-03 21:34:12 | INFO | Generated buzz: Kafka is awesome.
2025-09-03 21:34:12 | INFO | Sent message to topic 'buzzline': Kafka is awesome.
2025-09-03 21:34:13 | INFO | Generated buzz: Streaming data is fun.
2025-09-03 21:34:13 | INFO | Sent message to topic 'buzzline': Streaming data is fun.
2025-09-03 21:34:14 | INFO | Generated buzz: This is a buzz message.
2025-09-03 21:34:14 | INFO | Sent message to topic 'buzzline': This is a buzz message.
2025-09-03 21:34:15 | INFO | Generated buzz: Have a great day!
2025-09-03 21:34:15 | INFO | Sent message to topic 'buzzline': Have a great day!
2025-09-03 21:34:16 | INFO | Generated buzz: I love Python!
2025-09-03 21:34:16 | INFO | Sent message to topic 'buzzline': I love Python!
2025-09-03 21:34:17 | INFO | Generated buzz: Kafka is awesome.
2025-09-03 21:34:17 | INFO | Sent message to topic 'buzzline': Kafka is awesome.
2025-09-03 21:34:18 | INFO | Generated buzz: Streaming data is fun.
2025-09-03 21:34:18 | INFO | Sent message to topic 'buzzline': Streaming data is fun.
2025-09-03 21:34:19 | INFO | Generated buzz: This is a buzz message.
2025-09-03 21:34:19 | INFO | Sent message to topic 'buzzline': This is a buzz message.
2025-09-03 21:34:20 | INFO | Generated buzz: Have a great day!
2025-09-03 21:34:20 | INFO | Sent message to topic 'buzzline': Have a great day!
2025-09-03 21:34:21 | INFO | Generated buzz: I love Python!
2025-09-03 21:34:21 | INFO | Sent message to topic 'buzzline': I love Python!
2025-09-03 21:34:22 | INFO | Generated buzz: Kafka is awesome.
2025-09-03 21:34:22 | INFO | Sent message to topic 'buzzline': Kafka is awesome.
2025-09-03 21:34:23 | INFO | Generated buzz: Streaming data is fun.
2025-09-03 21:34:23 | INFO | Sent message to topic 'buzzline': Streaming data is fun.
2025-09-03 21:34:24 | INFO | Generated buzz: This is a buzz message.
2025-09-03 21:34:24 | INFO | Sent message to topic 'buzzline': This is a buzz message.
2025-09-03 21:34:25 | INFO | Generated buzz: Have a great day!
2025-09-03 21:34:25 | INFO | Sent message to topic 'buzzline': Have a great day!
2025-09-03 21:34:26 | INFO | Generated buzz: I love Python!
2025-09-03 21:34:26 | INFO | Sent message to topic 'buzzline': I love Python!
2025-09-03 21:34:27 | INFO | Generated buzz: Kafka is awesome.
2025-09-03 21:34:27 | INFO | Sent message to topic 'buzzline': Kafka is awesome.
2025-09-03 21:34:28 | INFO | Generated buzz: Streaming data is fun.
2025-09-03 21:34:28 | INFO | Sent message to topic 'buzzline': Streaming data is fun.
2025-09-03 21:34:29 | INFO | Logging to file: logs/project_log.log
2025-09-03 21:34:29 | INFO | Log sanitization enabled, personal info will be removed
2025-09-03 21:34:29 | INFO | START consumer.
2025-09-03 21:34:29 | INFO | Kafka topic: buzzline
2025-09-03 21:34:29 | INFO | Kafka consumer group id: default_group
2025-09-03 21:34:29 | INFO | Consumer: Topic 'buzzline' and group 'default_group'...
2025-09-03 21:34:29 | INFO | Kafka broker address: localhost:9092
2025-09-03 21:34:29 | INFO | Creating Kafka consumer. Topic='buzzline' and group ID='default_group'.
2025-09-03 21:34:29 | INFO | Kafka consumer created successfully.
2025-09-03 21:34:29 | INFO | Polling messages from topic 'buzzline'...
2025-09-03 21:34:29 | INFO | Generated buzz: This is a buzz message.
2025-09-03 21:34:29 | INFO | Sent message to topic 'buzzline': This is a buzz message.
2025-09-03 21:34:30 | INFO | Generated buzz: Have a great day!
2025-09-03 21:34:30 | INFO | Sent message to topic 'buzzline': Have a great day!
2025-09-03 21:34:31 | INFO | Generated buzz: I love Python!
2025-09-03 21:34:31 | INFO | Sent message to topic 'buzzline': I love Python!
2025-09-03 21:34:32 | INFO | Generated buzz: Kafka is awesome.
2025-09-03 21:34:32 | INFO | Sent message to topic 'buzzline': Kafka is awesome.
2025-09-03 21:34:33 | INFO | Processing message: I love Python!
2025-09-03 21:34:33 | INFO | Processing message: Kafka is awesome.
2025-09-03 21:34:33 | INFO | Processing message: Streaming data is fun.
2025-09-03 21:34:33 | INFO | Processing message: This is a buzz message.
2025-09-03 21:34:33 | INFO | Processing message: Have a great day!
2025-09-03 21:34:33 | INFO | Processing message: I love Python!
2025-09-03 21:34:33 | INFO | Processing message: Kafka is awesome.
2025-09-03 21:34:33 | INFO | Processing message: Streaming data is fun.
2025-09-03 21:34:33 | INFO | Processing message: This is a buzz message.
2025-09-03 21:34:33 | INFO | Processing message: Have a great day!
2025-09-03 21:34:33 | INFO | Processing message: I love Python!
2025-09-03 21:34:33 | INFO | Processing message: Kafka is awesome.
2025-09-03 21:34:33 | INFO | Processing message: Streaming data is fun.
2025-09-03 21:34:33 | INFO | Processing message: This is a buzz message.
2025-09-03 21:34:33 | INFO | Processing message: Have a great day!
2025-09-03 21:34:33 | INFO | Processing message: I love Python!
2025-09-03 21:34:33 | INFO | Processing message: Kafka is awesome.
2025-09-03 21:34:33 | INFO | Processing message: Streaming data is fun.
2025-09-03 21:34:33 | INFO | Processing message: This is a buzz message.
2025-09-03 21:34:33 | INFO | Processing message: Have a great day!
2025-09-03 21:34:33 | INFO | Processing message: I love Python!
2025-09-03 21:34:33 | INFO | Processing message: Kafka is awesome.
2025-09-03 21:34:33 | INFO | Processing message: Streaming data is fun.
2025-09-03 21:34:33 | INFO | Processing message: This is a buzz message.
2025-09-03 21:34:33 | INFO | Processing message: Have a great day!
2025-09-03 21:34:33 | INFO | Processing message: I love Python!
2025-09-03 21:34:33 | INFO | Processing message: Kafka is awesome.
2025-09-03 21:34:33 | INFO | Processing message: Streaming data is fun.
2025-09-03 21:34:33 | INFO | Processing message: This is a buzz message.
2025-09-03 21:34:33 | INFO | Processing message: Have a great day!
2025-09-03 21:34:33 | INFO | Processing message: I love Python!
2025-09-03 21:34:33 | INFO | Processing message: Kafka is awesome.
2025-09-03 21:34:33 | INFO | Generated buzz: Streaming data is fun.
2025-09-03 21:34:33 | INFO | Sent message to topic 'buzzline': Streaming data is fun.
2025-09-03 21:34:33 | INFO | Processing message: Streaming data is fun.
2025-09-03 21:34:34 | INFO | Generated buzz: This is a buzz message.
2025-09-03 21:34:34 | INFO | Sent message to topic 'buzzline': This is a buzz message.
2025-09-03 21:34:34 | INFO | Processing message: This is a buzz message.
2025-09-03 21:34:35 | INFO | Generated buzz: Have a great day!
2025-09-03 21:34:35 | INFO | Sent message to topic 'buzzline': Have a great day!
2025-09-03 21:34:35 | INFO | Processing message: Have a great day!
2025-09-03 21:34:36 | INFO | Generated buzz: I love Python!
2025-09-03 21:34:36 | INFO | Sent message to topic 'buzzline': I love Python!
2025-09-03 21:34:36 | INFO | Processing message: I love Python!
2025-09-03 21:34:37 | INFO | Generated buzz: Kafka is awesome.
2025-09-03 21:34:37 | INFO | Sent message to topic 'buzzline': Kafka is awesome.
2025-09-03 21:34:37 | INFO | Processing message: Kafka is awesome.
2025-09-03 21:34:38 | INFO | Generated buzz: Streaming data is fun.
2025-09-03 21:34:38 | INFO | Sent message to topic 'buzzline': Streaming data is fun.
2025-09-03 21:34:38 | INFO | Processing message: Streaming data is fun.
2025-09-03 21:34:39 | INFO | Generated buzz: This is a buzz message.
2025-09-03 21:34:39 | INFO | Sent message to topic 'buzzline': This is a buzz message.
2025-09-03 21:34:39 | INFO | Processing message: This is a buzz message.
2025-09-03 21:34:40 | INFO | Generated buzz: Have a great day!
2025-09-03 21:34:40 | INFO | Sent message to topic 'buzzline': Have a great day!
2025-09-03 21:34:40 | INFO | Processing message: Have a great day!
2025-09-03 21:34:41 | INFO | Generated buzz: I love Python!
2025-09-03 21:34:41 | INFO | Sent message to topic 'buzzline': I love Python!
2025-09-03 21:34:41 | INFO | Processing message: I love Python!
2025-09-03 21:34:42 | INFO | Generated buzz: Kafka is awesome.
2025-09-03 21:34:42 | INFO | Sent message to topic 'buzzline': Kafka is awesome.
2025-09-03 21:34:42 | INFO | Processing message: Kafka is awesome.
2025-09-03 21:34:43 | INFO | Generated buzz: Streaming data is fun.
2025-09-03 21:34:43 | INFO | Sent message to topic 'buzzline': Streaming data is fun.
2025-09-03 21:34:43 | INFO | Processing message: Streaming data is fun.
2025-09-03 21:34:44 | INFO | Generated buzz: This is a buzz message.
2025-09-03 21:34:44 | INFO | Sent message to topic 'buzzline': This is a buzz message.
2025-09-03 21:34:44 | INFO | Processing message: This is a buzz message.
2025-09-03 21:34:45 | INFO | Generated buzz: Have a great day!
2025-09-03 21:34:45 | INFO | Sent message to topic 'buzzline': Have a great day!
2025-09-03 21:34:45 | INFO | Processing message: Have a great day!
2025-09-03 21:34:46 | INFO | Generated buzz: I love Python!
2025-09-03 21:34:46 | INFO | Sent message to topic 'buzzline': I love Python!
2025-09-03 21:34:46 | INFO | Processing message: I love Python!
2025-09-03 21:34:47 | INFO | Generated buzz: Kafka is awesome.
2025-09-03 21:34:47 | INFO | Sent message to topic 'buzzline': Kafka is awesome.
2025-09-03 21:34:47 | INFO | Processing message: Kafka is awesome.
2025-09-03 21:34:48 | INFO | Generated buzz: Streaming data is fun.
2025-09-03 21:34:48 | INFO | Sent message to topic 'buzzline': Streaming data is fun.
2025-09-03 21:34:48 | INFO | Processing message: Streaming data is fun.
2025-09-03 21:34:49 | INFO | Generated buzz: This is a buzz message.
2025-09-03 21:34:49 | INFO | Sent message to topic 'buzzline': This is a buzz message.
2025-09-03 21:34:49 | INFO | Processing message: This is a buzz message.
2025-09-03 21:34:50 | INFO | Generated buzz: Have a great day!
2025-09-03 21:34:50 | INFO | Sent message to topic 'buzzline': Have a great day!
2025-09-03 21:34:50 | INFO | Processing message: Have a great day!
2025-09-03 21:34:51 | INFO | Generated buzz: I love Python!
2025-09-03 21:34:51 | INFO | Sent message to topic 'buzzline': I love Python!
2025-09-03 21:34:51 | INFO | Processing message: I love Python!
2025-09-03 21:34:52 | INFO | Generated buzz: Kafka is awesome.
2025-09-03 21:34:52 | INFO | Sent message to topic 'buzzline': Kafka is awesome.
2025-09-03 21:34:52 | INFO | Processing message: Kafka is awesome.
2025-09-03 21:34:53 | INFO | Generated buzz: Streaming data is fun.
2025-09-03 21:34:53 | INFO | Sent message to topic 'buzzline': Streaming data is fun.
2025-09-03 21:34:53 | INFO | Processing message: Streaming data is fun.
2025-09-03 21:34:54 | INFO | Generated buzz: This is a buzz message.
2025-09-03 21:34:54 | INFO | Sent message to topic 'buzzline': This is a buzz message.
2025-09-03 21:34:54 | INFO | Processing message: This is a buzz message.
2025-09-03 21:34:55 | INFO | Generated buzz: Have a great day!
2025-09-03 21:34:55 | INFO | Sent message to topic 'buzzline': Have a great day!
2025-09-03 21:34:55 | INFO | Processing message: Have a great day!
2025-09-03 21:34:56 | INFO | Generated buzz: I love Python!
2025-09-03 21:34:56 | INFO | Sent message to topic 'buzzline': I love Python!
2025-09-03 21:34:56 | INFO | Processing message: I love Python!
2025-09-03 21:34:57 | INFO | Generated buzz: Kafka is awesome.
2025-09-03 21:34:57 | INFO | Sent message to topic 'buzzline': Kafka is awesome.
2025-09-03 21:34:57 | INFO | Processing message: Kafka is awesome.
2025-09-03 21:34:58 | INFO | Generated buzz: Streaming data is fun.
2025-09-03 21:34:58 | INFO | Sent message to topic 'buzzline': Streaming data is fun.
2025-09-03 21:34:58 | INFO | Processing message: Streaming data is fun.
2025-09-03 21:34:59 | INFO | Generated buzz: This is a buzz message.
2025-09-03 21:34:59 | INFO | Sent message to topic 'buzzline': This is a buzz message.
2025-09-03 21:34:59 | INFO | Processing message: This is a buzz message.
2025-09-03 21:35:00 | INFO | Generated buzz: Have a great day!
2025-09-03 21:35:00 | INFO | Sent message to topic 'buzzline': Have a great day!
2025-09-03 21:35:00 | INFO | Processing message: Have a great day!
2025-09-03 21:35:01 | INFO | Generated buzz: I love Python!
2025-09-03 21:35:01 | INFO | Sent message to topic 'buzzline': I love Python!
2025-09-03 21:35:01 | INFO | Processing message: I love Python!
2025-09-03 21:35:02 | INFO | Generated buzz: Kafka is awesome.
2025-09-03 21:35:02 | INFO | Sent message to topic 'buzzline': Kafka is awesome.
2025-09-03 21:35:02 | INFO | Processing message: Kafka is awesome.
2025-09-03 21:35:03 | INFO | Generated buzz: Streaming data is fun.
2025-09-03 21:35:03 | INFO | Sent message to topic 'buzzline': Streaming data is fun.
2025-09-03 21:35:03 | INFO | Processing message: Streaming data is fun.
2025-09-03 21:35:04 | INFO | Generated buzz: This is a buzz message.
2025-09-03 21:35:04 | INFO | Sent message to topic 'buzzline': This is a buzz message.
2025-09-03 21:35:04 | INFO | Processing message: This is a buzz message.
2025-09-03 21:35:05 | INFO | Generated buzz: Have a great day!
2025-09-03 21:35:05 | INFO | Sent message to topic 'buzzline': Have a great day!
2025-09-03 21:35:05 | INFO | Processing message: Have a great day!
2025-09-03 21:35:06 | INFO | Generated buzz: I love Python!
2025-09-03 21:35:06 | INFO | Sent message to topic 'buzzline': I love Python!
2025-09-03 21:35:06 | INFO | Processing message: I love Python!
2025-09-03 21:35:07 | INFO | Generated buzz: Kafka is awesome.
2025-09-03 21:35:07 | INFO | Sent message to topic 'buzzline': Kafka is awesome.
2025-09-03 21:35:07 | INFO | Processing message: Kafka is awesome.
2025-09-03 21:35:08 | INFO | Generated buzz: Streaming data is fun.
2025-09-03 21:35:08 | INFO | Sent message to topic 'buzzline': Streaming data is fun.
2025-09-03 21:35:09 | INFO | Processing message: Streaming data is fun.
2025-09-03 21:35:09 | INFO | Generated buzz: This is a buzz message.
2025-09-03 21:35:09 | INFO | Sent message to topic 'buzzline': This is a buzz message.
2025-09-03 21:35:10 | INFO | Processing message: This is a buzz message.
2025-09-03 21:35:10 | INFO | Generated buzz: Have a great day!
2025-09-03 21:35:10 | INFO | Sent message to topic 'buzzline': Have a great day!
2025-09-03 21:35:10 | INFO | Processing message: Have a great day!
2025-09-03 21:35:11 | INFO | Generated buzz: I love Python!
2025-09-03 21:35:11 | INFO | Sent message to topic 'buzzline': I love Python!
2025-09-03 21:35:11 | INFO | Processing message: I love Python!
2025-09-03 21:35:12 | INFO | Generated buzz: Kafka is awesome.
2025-09-03 21:35:12 | INFO | Sent message to topic 'buzzline': Kafka is awesome.
2025-09-03 21:35:13 | INFO | Processing message: Kafka is awesome.
2025-09-03 21:35:14 | INFO | Generated buzz: Streaming data is fun.
2025-09-03 21:35:14 | INFO | Sent message to topic 'buzzline': Streaming data is fun.
2025-09-03 21:35:14 | INFO | Processing message: Streaming data is fun.
2025-09-03 21:35:15 | INFO | Generated buzz: This is a buzz message.
2025-09-03 21:35:15 | INFO | Sent message to topic 'buzzline': This is a buzz message.
2025-09-03 21:35:15 | INFO | Processing message: This is a buzz message.
2025-09-03 21:35:16 | INFO | Generated buzz: Have a great day!
2025-09-03 21:35:16 | INFO | Sent message to topic 'buzzline': Have a great day!
2025-09-03 21:35:16 | INFO | Processing message: Have a great day!
2025-09-03 21:35:17 | INFO | Generated buzz: I love Python!
2025-09-03 21:35:17 | INFO | Sent message to topic 'buzzline': I love Python!
2025-09-03 21:35:17 | INFO | Processing message: I love Python!
2025-09-03 21:35:18 | INFO | Generated buzz: Kafka is awesome.
2025-09-03 21:35:18 | INFO | Sent message to topic 'buzzline': Kafka is awesome.
2025-09-03 21:35:18 | INFO | Processing message: Kafka is awesome.
2025-09-03 21:35:19 | INFO | Generated buzz: Streaming data is fun.
2025-09-03 21:35:19 | INFO | Sent message to topic 'buzzline': Streaming data is fun.
2025-09-03 21:35:19 | INFO | Processing message: Streaming data is fun.
2025-09-03 21:35:20 | INFO | Generated buzz: This is a buzz message.
2025-09-03 21:35:20 | INFO | Sent message to topic 'buzzline': This is a buzz message.
2025-09-03 21:35:20 | INFO | Processing message: This is a buzz message.
2025-09-03 21:35:21 | INFO | Generated buzz: Have a great day!
2025-09-03 21:35:21 | INFO | Sent message to topic 'buzzline': Have a great day!
2025-09-03 21:35:21 | INFO | Processing message: Have a great day!
2025-09-03 21:35:22 | INFO | Generated buzz: I love Python!
2025-09-03 21:35:22 | INFO | Sent message to topic 'buzzline': I love Python!
2025-09-03 21:35:22 | INFO | Processing message: I love Python!
2025-09-03 21:35:23 | INFO | Generated buzz: Kafka is awesome.
2025-09-03 21:35:23 | INFO | Sent message to topic 'buzzline': Kafka is awesome.
2025-09-03 21:35:23 | INFO | Processing message: Kafka is awesome.
2025-09-03 21:35:24 | INFO | Generated buzz: Streaming data is fun.
2025-09-03 21:35:24 | INFO | Sent message to topic 'buzzline': Streaming data is fun.
2025-09-03 21:35:24 | INFO | Processing message: Streaming data is fun.
2025-09-03 21:35:25 | INFO | Generated buzz: This is a buzz message.
2025-09-03 21:35:25 | INFO | Sent message to topic 'buzzline': This is a buzz message.
2025-09-03 21:35:25 | INFO | Processing message: This is a buzz message.
2025-09-03 21:35:26 | INFO | Generated buzz: Have a great day!
2025-09-03 21:35:26 | INFO | Sent message to topic 'buzzline': Have a great day!
2025-09-03 21:35:26 | INFO | Processing message: Have a great day!
2025-09-03 21:35:27 | INFO | Generated buzz: I love Python!
2025-09-03 21:35:27 | INFO | Sent message to topic 'buzzline': I love Python!
2025-09-03 21:35:27 | INFO | Processing message: I love Python!
2025-09-03 21:35:28 | INFO | Generated buzz: Kafka is awesome.
2025-09-03 21:35:28 | INFO | Sent message to topic 'buzzline': Kafka is awesome.
2025-09-03 21:35:28 | INFO | Processing message: Kafka is awesome.
2025-09-03 21:35:29 | INFO | Generated buzz: Streaming data is fun.
2025-09-03 21:35:29 | INFO | Sent message to topic 'buzzline': Streaming data is fun.
2025-09-03 21:35:29 | INFO | Processing message: Streaming data is fun.
2025-09-03 21:35:30 | INFO | Generated buzz: This is a buzz message.
2025-09-03 21:35:30 | INFO | Sent message to topic 'buzzline': This is a buzz message.
2025-09-03 21:35:30 | INFO | Processing message: This is a buzz message.
2025-09-03 21:35:31 | INFO | Generated buzz: Have a great day!
2025-09-03 21:35:31 | INFO | Sent message to topic 'buzzline': Have a great day!
2025-09-03 21:35:31 | INFO | Processing message: Have a great day!
2025-09-03 21:35:32 | INFO | Generated buzz: I love Python!
2025-09-03 21:35:32 | INFO | Sent message to topic 'buzzline': I love Python!
2025-09-03 21:35:32 | WARNING | Consumer interrupted by user.
2025-09-03 21:35:32 | INFO | Kafka consumer for topic 'buzzline' closed.
2025-09-03 21:35:32 | INFO | END consumer for topic 'buzzline' and group 'default_group'.
2025-09-03 21:35:33 | INFO | Generated buzz: Kafka is awesome.
2025-09-03 21:35:33 | INFO | Sent message to topic 'buzzline': Kafka is awesome.
2025-09-03 21:35:34 | INFO | Generated buzz: Streaming data is fun.
2025-09-03 21:35:34 | INFO | Sent message to topic 'buzzline': Streaming data is fun.
2025-09-03 21:35:35 | INFO | Generated buzz: This is a buzz message.
2025-09-03 21:35:35 | INFO | Sent message to topic 'buzzline': This is a buzz message.
2025-09-03 21:35:36 | INFO | Generated buzz: Have a great day!
2025-09-03 21:35:36 | INFO | Sent message to topic 'buzzline': Have a great day!
2025-09-03 21:35:37 | INFO | Generated buzz: I love Python!
2025-09-03 21:35:37 | INFO | Sent message to topic 'buzzline': I love Python!
2025-09-03 21:35:37 | WARNING | Producer interrupted by user.
2025-09-03 21:35:37 | INFO | Kafka producer closed.
2025-09-03 21:35:37 | INFO | END producer.
